[2024-07-22 16:01:58] local.INFO: Đơn hàng đã được tạo:  {"order":{"App\\Models\\Order":{"product_name":"kem đánh răng","quantity":"1","price":"2000","updated_at":"2024-07-22T16:01:58.000000Z","created_at":"2024-07-22T16:01:58.000000Z","id":8}}} 
[2024-07-22 16:02:19] local.ERROR: Connection could not be established with host "smtp.gmail.com:587": stream_socket_client(): Unable to connect to smtp.gmail.com:587 (A connection attempt failed because the connected party did not properly respond after a period of time, or established connection failed because connected host has failed to respond) {"exception":"[object] (Symfony\\Component\\Mailer\\Exception\\TransportException(code: 0): Connection could not be established with host \"smtp.gmail.com:587\": stream_socket_client(): Unable to connect to smtp.gmail.com:587 (A connection attempt failed because the connected party did not properly respond after a period of time, or established connection failed because connected host has failed to respond) at D:\\laragon\\www\\laravel-nang-cao\\vendor\\symfony\\mailer\\Transport\\Smtp\\Stream\\SocketStream.php:154)
[stacktrace]
#0 [internal function]: Symfony\\Component\\Mailer\\Transport\\Smtp\\Stream\\SocketStream->Symfony\\Component\\Mailer\\Transport\\Smtp\\Stream\\{closure}(2, 'stream_socket_c...', 'D:\\\\laragon\\\\www\\\\...', 157)
#1 D:\\laragon\\www\\laravel-nang-cao\\vendor\\symfony\\mailer\\Transport\\Smtp\\Stream\\SocketStream.php(157): stream_socket_client('smtp.gmail.com:...', 0, '', 60.0, 4, Resource id #660)
#2 D:\\laragon\\www\\laravel-nang-cao\\vendor\\symfony\\mailer\\Transport\\Smtp\\SmtpTransport.php(275): Symfony\\Component\\Mailer\\Transport\\Smtp\\Stream\\SocketStream->initialize()
#3 D:\\laragon\\www\\laravel-nang-cao\\vendor\\symfony\\mailer\\Transport\\Smtp\\SmtpTransport.php(209): Symfony\\Component\\Mailer\\Transport\\Smtp\\SmtpTransport->start()
#4 D:\\laragon\\www\\laravel-nang-cao\\vendor\\symfony\\mailer\\Transport\\AbstractTransport.php(69): Symfony\\Component\\Mailer\\Transport\\Smtp\\SmtpTransport->doSend(Object(Symfony\\Component\\Mailer\\SentMessage))
#5 D:\\laragon\\www\\laravel-nang-cao\\vendor\\symfony\\mailer\\Transport\\Smtp\\SmtpTransport.php(137): Symfony\\Component\\Mailer\\Transport\\AbstractTransport->send(Object(Symfony\\Component\\Mime\\Email), Object(Symfony\\Component\\Mailer\\DelayedEnvelope))
#6 D:\\laragon\\www\\laravel-nang-cao\\vendor\\laravel\\framework\\src\\Illuminate\\Mail\\Mailer.php(573): Symfony\\Component\\Mailer\\Transport\\Smtp\\SmtpTransport->send(Object(Symfony\\Component\\Mime\\Email), Object(Symfony\\Component\\Mailer\\DelayedEnvelope))
#7 D:\\laragon\\www\\laravel-nang-cao\\vendor\\laravel\\framework\\src\\Illuminate\\Mail\\Mailer.php(335): Illuminate\\Mail\\Mailer->sendSymfonyMessage(Object(Symfony\\Component\\Mime\\Email))
#8 D:\\laragon\\www\\laravel-nang-cao\\vendor\\laravel\\framework\\src\\Illuminate\\Mail\\MailManager.php(592): Illuminate\\Mail\\Mailer->send('mail', Array, Object(Closure))
#9 D:\\laragon\\www\\laravel-nang-cao\\vendor\\laravel\\framework\\src\\Illuminate\\Support\\Facades\\Facade.php(355): Illuminate\\Mail\\MailManager->__call('send', Array)
#10 D:\\laragon\\www\\laravel-nang-cao\\app\\Listeners\\SendOrderNotification.php(31): Illuminate\\Support\\Facades\\Facade::__callStatic('send', Array)
#11 D:\\laragon\\www\\laravel-nang-cao\\vendor\\laravel\\framework\\src\\Illuminate\\Events\\Dispatcher.php(478): App\\Listeners\\SendOrderNotification->handle(Object(App\\Events\\OrderCreated))
#12 D:\\laragon\\www\\laravel-nang-cao\\vendor\\laravel\\framework\\src\\Illuminate\\Events\\Dispatcher.php(286): Illuminate\\Events\\Dispatcher->Illuminate\\Events\\{closure}('App\\\\Events\\\\Orde...', Array)
#13 D:\\laragon\\www\\laravel-nang-cao\\vendor\\laravel\\framework\\src\\Illuminate\\Events\\Dispatcher.php(266): Illuminate\\Events\\Dispatcher->invokeListeners('App\\\\Events\\\\Orde...', Array, false)
#14 D:\\laragon\\www\\laravel-nang-cao\\vendor\\laravel\\framework\\src\\Illuminate\\Foundation\\helpers.php(433): Illuminate\\Events\\Dispatcher->dispatch('App\\\\Events\\\\Orde...')
#15 D:\\laragon\\www\\laravel-nang-cao\\app\\Http\\Controllers\\OrderController.php(43): event(Object(App\\Events\\OrderCreated))
#16 D:\\laragon\\www\\laravel-nang-cao\\vendor\\laravel\\framework\\src\\Illuminate\\Routing\\Controller.php(54): App\\Http\\Controllers\\OrderController->store(Object(App\\Http\\Requests\\StoreOrderRequest))
#17 D:\\laragon\\www\\laravel-nang-cao\\vendor\\laravel\\framework\\src\\Illuminate\\Routing\\ControllerDispatcher.php(43): Illuminate\\Routing\\Controller->callAction('store', Array)
#18 D:\\laragon\\www\\laravel-nang-cao\\vendor\\laravel\\framework\\src\\Illuminate\\Routing\\Route.php(260): Illuminate\\Routing\\ControllerDispatcher->dispatch(Object(Illuminate\\Routing\\Route), Object(App\\Http\\Controllers\\OrderController), 'store')
#19 D:\\laragon\\www\\laravel-nang-cao\\vendor\\laravel\\framework\\src\\Illuminate\\Routing\\Route.php(205): Illuminate\\Routing\\Route->runController()
#20 D:\\laragon\\www\\laravel-nang-cao\\vendor\\laravel\\framework\\src\\Illuminate\\Routing\\Router.php(806): Illuminate\\Routing\\Route->run()
#21 D:\\laragon\\www\\laravel-nang-cao\\vendor\\laravel\\framework\\src\\Illuminate\\Pipeline\\Pipeline.php(144): Illuminate\\Routing\\Router->Illuminate\\Routing\\{closure}(Object(Illuminate\\Http\\Request))
#22 D:\\laragon\\www\\laravel-nang-cao\\vendor\\laravel\\framework\\src\\Illuminate\\Routing\\Middleware\\SubstituteBindings.php(50): Illuminate\\Pipeline\\Pipeline->Illuminate\\Pipeline\\{closure}(Object(Illuminate\\Http\\Request))
#23 D:\\laragon\\www\\laravel-nang-cao\\vendor\\laravel\\framework\\src\\Illuminate\\Pipeline\\Pipeline.php(183): Illuminate\\Routing\\Middleware\\SubstituteBindings->handle(Object(Illuminate\\Http\\Request), Object(Closure))
#24 D:\\laragon\\www\\laravel-nang-cao\\vendor\\laravel\\framework\\src\\Illuminate\\Foundation\\Http\\Middleware\\VerifyCsrfToken.php(78): Illuminate\\Pipeline\\Pipeline->Illuminate\\Pipeline\\{closure}(Object(Illuminate\\Http\\Request))
#25 D:\\laragon\\www\\laravel-nang-cao\\vendor\\laravel\\framework\\src\\Illuminate\\Pipeline\\Pipeline.php(183): Illuminate\\Foundation\\Http\\Middleware\\VerifyCsrfToken->handle(Object(Illuminate\\Http\\Request), Object(Closure))
#26 D:\\laragon\\www\\laravel-nang-cao\\vendor\\laravel\\framework\\src\\Illuminate\\View\\Middleware\\ShareErrorsFromSession.php(49): Illuminate\\Pipeline\\Pipeline->Illuminate\\Pipeline\\{closure}(Object(Illuminate\\Http\\Request))
#27 D:\\laragon\\www\\laravel-nang-cao\\vendor\\laravel\\framework\\src\\Illuminate\\Pipeline\\Pipeline.php(183): Illuminate\\View\\Middleware\\ShareErrorsFromSession->handle(Object(Illuminate\\Http\\Request), Object(Closure))
#28 D:\\laragon\\www\\laravel-nang-cao\\vendor\\laravel\\framework\\src\\Illuminate\\Session\\Middleware\\StartSession.php(121): Illuminate\\Pipeline\\Pipeline->Illuminate\\Pipeline\\{closure}(Object(Illuminate\\Http\\Request))
#29 D:\\laragon\\www\\laravel-nang-cao\\vendor\\laravel\\framework\\src\\Illuminate\\Session\\Middleware\\StartSession.php(64): Illuminate\\Session\\Middleware\\StartSession->handleStatefulRequest(Object(Illuminate\\Http\\Request), Object(Illuminate\\Session\\Store), Object(Closure))
#30 D:\\laragon\\www\\laravel-nang-cao\\vendor\\laravel\\framework\\src\\Illuminate\\Pipeline\\Pipeline.php(183): Illuminate\\Session\\Middleware\\StartSession->handle(Object(Illuminate\\Http\\Request), Object(Closure))
#31 D:\\laragon\\www\\laravel-nang-cao\\vendor\\laravel\\framework\\src\\Illuminate\\Cookie\\Middleware\\AddQueuedCookiesToResponse.php(37): Illuminate\\Pipeline\\Pipeline->Illuminate\\Pipeline\\{closure}(Object(Illuminate\\Http\\Request))
#32 D:\\laragon\\www\\laravel-nang-cao\\vendor\\laravel\\framework\\src\\Illuminate\\Pipeline\\Pipeline.php(183): Illuminate\\Cookie\\Middleware\\AddQueuedCookiesToResponse->handle(Object(Illuminate\\Http\\Request), Object(Closure))
#33 D:\\laragon\\www\\laravel-nang-cao\\vendor\\laravel\\framework\\src\\Illuminate\\Cookie\\Middleware\\EncryptCookies.php(67): Illuminate\\Pipeline\\Pipeline->Illuminate\\Pipeline\\{closure}(Object(Illuminate\\Http\\Request))
#34 D:\\laragon\\www\\laravel-nang-cao\\vendor\\laravel\\framework\\src\\Illuminate\\Pipeline\\Pipeline.php(183): Illuminate\\Cookie\\Middleware\\EncryptCookies->handle(Object(Illuminate\\Http\\Request), Object(Closure))
#35 D:\\laragon\\www\\laravel-nang-cao\\vendor\\laravel\\framework\\src\\Illuminate\\Pipeline\\Pipeline.php(119): Illuminate\\Pipeline\\Pipeline->Illuminate\\Pipeline\\{closure}(Object(Illuminate\\Http\\Request))
#36 D:\\laragon\\www\\laravel-nang-cao\\vendor\\laravel\\framework\\src\\Illuminate\\Routing\\Router.php(807): Illuminate\\Pipeline\\Pipeline->then(Object(Closure))
#37 D:\\laragon\\www\\laravel-nang-cao\\vendor\\laravel\\framework\\src\\Illuminate\\Routing\\Router.php(784): Illuminate\\Routing\\Router->runRouteWithinStack(Object(Illuminate\\Routing\\Route), Object(Illuminate\\Http\\Request))
#38 D:\\laragon\\www\\laravel-nang-cao\\vendor\\laravel\\framework\\src\\Illuminate\\Routing\\Router.php(748): Illuminate\\Routing\\Router->runRoute(Object(Illuminate\\Http\\Request), Object(Illuminate\\Routing\\Route))
#39 D:\\laragon\\www\\laravel-nang-cao\\vendor\\laravel\\framework\\src\\Illuminate\\Routing\\Router.php(737): Illuminate\\Routing\\Router->dispatchToRoute(Object(Illuminate\\Http\\Request))
#40 D:\\laragon\\www\\laravel-nang-cao\\vendor\\laravel\\framework\\src\\Illuminate\\Foundation\\Http\\Kernel.php(200): Illuminate\\Routing\\Router->dispatch(Object(Illuminate\\Http\\Request))
#41 D:\\laragon\\www\\laravel-nang-cao\\vendor\\laravel\\framework\\src\\Illuminate\\Pipeline\\Pipeline.php(144): Illuminate\\Foundation\\Http\\Kernel->Illuminate\\Foundation\\Http\\{closure}(Object(Illuminate\\Http\\Request))
#42 D:\\laragon\\www\\laravel-nang-cao\\vendor\\laravel\\framework\\src\\Illuminate\\Foundation\\Http\\Middleware\\TransformsRequest.php(21): Illuminate\\Pipeline\\Pipeline->Illuminate\\Pipeline\\{closure}(Object(Illuminate\\Http\\Request))
#43 D:\\laragon\\www\\laravel-nang-cao\\vendor\\laravel\\framework\\src\\Illuminate\\Foundation\\Http\\Middleware\\ConvertEmptyStringsToNull.php(31): Illuminate\\Foundation\\Http\\Middleware\\TransformsRequest->handle(Object(Illuminate\\Http\\Request), Object(Closure))
#44 D:\\laragon\\www\\laravel-nang-cao\\vendor\\laravel\\framework\\src\\Illuminate\\Pipeline\\Pipeline.php(183): Illuminate\\Foundation\\Http\\Middleware\\ConvertEmptyStringsToNull->handle(Object(Illuminate\\Http\\Request), Object(Closure))
#45 D:\\laragon\\www\\laravel-nang-cao\\vendor\\laravel\\framework\\src\\Illuminate\\Foundation\\Http\\Middleware\\TransformsRequest.php(21): Illuminate\\Pipeline\\Pipeline->Illuminate\\Pipeline\\{closure}(Object(Illuminate\\Http\\Request))
#46 D:\\laragon\\www\\laravel-nang-cao\\vendor\\laravel\\framework\\src\\Illuminate\\Foundation\\Http\\Middleware\\TrimStrings.php(40): Illuminate\\Foundation\\Http\\Middleware\\TransformsRequest->handle(Object(Illuminate\\Http\\Request), Object(Closure))
#47 D:\\laragon\\www\\laravel-nang-cao\\vendor\\laravel\\framework\\src\\Illuminate\\Pipeline\\Pipeline.php(183): Illuminate\\Foundation\\Http\\Middleware\\TrimStrings->handle(Object(Illuminate\\Http\\Request), Object(Closure))
#48 D:\\laragon\\www\\laravel-nang-cao\\vendor\\laravel\\framework\\src\\Illuminate\\Foundation\\Http\\Middleware\\ValidatePostSize.php(27): Illuminate\\Pipeline\\Pipeline->Illuminate\\Pipeline\\{closure}(Object(Illuminate\\Http\\Request))
#49 D:\\laragon\\www\\laravel-nang-cao\\vendor\\laravel\\framework\\src\\Illuminate\\Pipeline\\Pipeline.php(183): Illuminate\\Foundation\\Http\\Middleware\\ValidatePostSize->handle(Object(Illuminate\\Http\\Request), Object(Closure))
#50 D:\\laragon\\www\\laravel-nang-cao\\vendor\\laravel\\framework\\src\\Illuminate\\Foundation\\Http\\Middleware\\PreventRequestsDuringMaintenance.php(99): Illuminate\\Pipeline\\Pipeline->Illuminate\\Pipeline\\{closure}(Object(Illuminate\\Http\\Request))
#51 D:\\laragon\\www\\laravel-nang-cao\\vendor\\laravel\\framework\\src\\Illuminate\\Pipeline\\Pipeline.php(183): Illuminate\\Foundation\\Http\\Middleware\\PreventRequestsDuringMaintenance->handle(Object(Illuminate\\Http\\Request), Object(Closure))
#52 D:\\laragon\\www\\laravel-nang-cao\\vendor\\laravel\\framework\\src\\Illuminate\\Http\\Middleware\\HandleCors.php(49): Illuminate\\Pipeline\\Pipeline->Illuminate\\Pipeline\\{closure}(Object(Illuminate\\Http\\Request))
#53 D:\\laragon\\www\\laravel-nang-cao\\vendor\\laravel\\framework\\src\\Illuminate\\Pipeline\\Pipeline.php(183): Illuminate\\Http\\Middleware\\HandleCors->handle(Object(Illuminate\\Http\\Request), Object(Closure))
#54 D:\\laragon\\www\\laravel-nang-cao\\vendor\\laravel\\framework\\src\\Illuminate\\Http\\Middleware\\TrustProxies.php(39): Illuminate\\Pipeline\\Pipeline->Illuminate\\Pipeline\\{closure}(Object(Illuminate\\Http\\Request))
#55 D:\\laragon\\www\\laravel-nang-cao\\vendor\\laravel\\framework\\src\\Illuminate\\Pipeline\\Pipeline.php(183): Illuminate\\Http\\Middleware\\TrustProxies->handle(Object(Illuminate\\Http\\Request), Object(Closure))
#56 D:\\laragon\\www\\laravel-nang-cao\\vendor\\laravel\\framework\\src\\Illuminate\\Pipeline\\Pipeline.php(119): Illuminate\\Pipeline\\Pipeline->Illuminate\\Pipeline\\{closure}(Object(Illuminate\\Http\\Request))
#57 D:\\laragon\\www\\laravel-nang-cao\\vendor\\laravel\\framework\\src\\Illuminate\\Foundation\\Http\\Kernel.php(175): Illuminate\\Pipeline\\Pipeline->then(Object(Closure))
#58 D:\\laragon\\www\\laravel-nang-cao\\vendor\\laravel\\framework\\src\\Illuminate\\Foundation\\Http\\Kernel.php(144): Illuminate\\Foundation\\Http\\Kernel->sendRequestThroughRouter(Object(Illuminate\\Http\\Request))
#59 D:\\laragon\\www\\laravel-nang-cao\\public\\index.php(52): Illuminate\\Foundation\\Http\\Kernel->handle(Object(Illuminate\\Http\\Request))
#60 {main}
"} 
[2024-07-22 16:02:27] local.INFO: Đơn hàng đã được tạo:  {"order":{"App\\Models\\Order":{"product_name":"kem đánh răng","quantity":"1","price":"2000","updated_at":"2024-07-22T16:02:27.000000Z","created_at":"2024-07-22T16:02:27.000000Z","id":9}}} 
[2024-07-22 16:02:33] local.DEBUG: Basic Email Sent. Check your inbox.  
[2024-07-22 16:43:06] local.INFO: Đơn hàng đã được tạo:  {"order":{"App\\Models\\Order":{"product_name":"nước","quantity":"4","price":"4000","updated_at":"2024-07-22T16:43:06.000000Z","created_at":"2024-07-22T16:43:06.000000Z","id":10}}} 
[2024-07-22 16:43:06] local.ERROR: Undefined variable $name {"view":{"view":"D:\\laragon\\www\\laravel-nang-cao\\resources\\views\\mail.blade.php","data":{"errors":"<pre class=sf-dump id=sf-dump-716371606 data-indent-pad=\"  \"><span class=sf-dump-note>Illuminate\\Support\\ViewErrorBag</span> {<a class=sf-dump-ref>#1247</a><samp data-depth=1 class=sf-dump-expanded>
  #<span class=sf-dump-protected title=\"Protected property\">bags</span>: []
</samp>}
</pre><script>Sfdump(\"sf-dump-716371606\", {\"maxDepth\":3,\"maxStringLength\":160})</script>
","0":"<pre class=sf-dump id=sf-dump-154639982 data-indent-pad=\"  \">\"<span class=sf-dump-str title=\"21 characters\">&#272;&#417;n h&#224;ng m&#7899;i &#273;&#432;&#7907;c t&#7841;o</span>\"
</pre><script>Sfdump(\"sf-dump-154639982\", {\"maxDepth\":3,\"maxStringLength\":160})</script>
","Tên sản phẩm:":"<pre class=sf-dump id=sf-dump-191756418 data-indent-pad=\"  \">\"<span class=sf-dump-str title=\"4 characters\">n&#432;&#7899;c</span>\"
</pre><script>Sfdump(\"sf-dump-191756418\", {\"maxDepth\":3,\"maxStringLength\":160})</script>
","Số Lượng:":"<pre class=sf-dump id=sf-dump-1962832827 data-indent-pad=\"  \">\"<span class=sf-dump-str title=\"4 characters\">n&#432;&#7899;c</span>\"
</pre><script>Sfdump(\"sf-dump-1962832827\", {\"maxDepth\":3,\"maxStringLength\":160})</script>
","Giá:":"<pre class=sf-dump id=sf-dump-243120439 data-indent-pad=\"  \">\"<span class=sf-dump-str title=\"4 characters\">n&#432;&#7899;c</span>\"
</pre><script>Sfdump(\"sf-dump-243120439\", {\"maxDepth\":3,\"maxStringLength\":160})</script>
","mailer":"<pre class=sf-dump id=sf-dump-11879021 data-indent-pad=\"  \">\"<span class=sf-dump-str title=\"4 characters\">smtp</span>\"
</pre><script>Sfdump(\"sf-dump-11879021\", {\"maxDepth\":3,\"maxStringLength\":160})</script>
","message":"<pre class=sf-dump id=sf-dump-1127324593 data-indent-pad=\"  \"><span class=sf-dump-note>Illuminate\\Mail\\Message</span> {<a class=sf-dump-ref>#1706</a><samp data-depth=1 class=sf-dump-expanded>
  #<span class=sf-dump-protected title=\"Protected property\">message</span>: <span class=sf-dump-note title=\"Symfony\\Component\\Mime\\Email
\"><span class=\"sf-dump-ellipsis sf-dump-ellipsis-note\">Symfony\\Component\\Mime</span><span class=\"sf-dump-ellipsis sf-dump-ellipsis-note\">\\</span>Email</span> {<a class=sf-dump-ref>#1705</a><samp data-depth=2 class=sf-dump-compact>
    -<span class=sf-dump-private title=\"Private property defined in class:&#10;`Symfony\\Component\\Mime\\RawMessage`\">message</span>: <span class=sf-dump-const>null</span>
    -<span class=sf-dump-private title=\"Private property defined in class:&#10;`Symfony\\Component\\Mime\\RawMessage`\">isGeneratorClosed</span>: <span class=sf-dump-const title=\"Uninitialized property\">? bool</span>
    -<span class=sf-dump-private title=\"Private property defined in class:&#10;`Symfony\\Component\\Mime\\Message`\">headers</span>: <span class=sf-dump-note title=\"Symfony\\Component\\Mime\\Header\\Headers
\"><span class=\"sf-dump-ellipsis sf-dump-ellipsis-note\">Symfony\\Component\\Mime\\Header</span><span class=\"sf-dump-ellipsis sf-dump-ellipsis-note\">\\</span>Headers</span> {<a class=sf-dump-ref>#1697</a><samp data-depth=3 class=sf-dump-compact>
      -<span class=sf-dump-private title=\"Private property defined in class:&#10;`Symfony\\Component\\Mime\\Header\\Headers`\">headers</span>: <span class=sf-dump-note>array:3</span> [ &#8230;3]
      -<span class=sf-dump-private title=\"Private property defined in class:&#10;`Symfony\\Component\\Mime\\Header\\Headers`\">lineLength</span>: <span class=sf-dump-num>76</span>
    </samp>}
    -<span class=sf-dump-private title=\"Private property defined in class:&#10;`Symfony\\Component\\Mime\\Message`\">body</span>: <span class=sf-dump-const>null</span>
    -<span class=sf-dump-private title=\"Private property defined in class:&#10;`Symfony\\Component\\Mime\\Email`\">text</span>: <span class=sf-dump-const>null</span>
    -<span class=sf-dump-private title=\"Private property defined in class:&#10;`Symfony\\Component\\Mime\\Email`\">textCharset</span>: <span class=sf-dump-const>null</span>
    -<span class=sf-dump-private title=\"Private property defined in class:&#10;`Symfony\\Component\\Mime\\Email`\">html</span>: <span class=sf-dump-const>null</span>
    -<span class=sf-dump-private title=\"Private property defined in class:&#10;`Symfony\\Component\\Mime\\Email`\">htmlCharset</span>: <span class=sf-dump-const>null</span>
    -<span class=sf-dump-private title=\"Private property defined in class:&#10;`Symfony\\Component\\Mime\\Email`\">attachments</span>: []
    -<span class=sf-dump-private title=\"Private property defined in class:&#10;`Symfony\\Component\\Mime\\Email`\">cachedBody</span>: <span class=sf-dump-const>null</span>
  </samp>}
  #<span class=sf-dump-protected title=\"Protected property\">embeddedFiles</span>: []
</samp>}
</pre><script>Sfdump(\"sf-dump-1127324593\", {\"maxDepth\":3,\"maxStringLength\":160})</script>
"}},"exception":"[object] (Spatie\\LaravelIgnition\\Exceptions\\ViewException(code: 0): Undefined variable $name at D:\\laragon\\www\\laravel-nang-cao\\resources\\views\\mail.blade.php:1)
[stacktrace]
#0 D:\\laragon\\www\\laravel-nang-cao\\vendor\\laravel\\framework\\src\\Illuminate\\Filesystem\\Filesystem.php(123): require('D:\\\\laragon\\\\www\\\\...')
#1 D:\\laragon\\www\\laravel-nang-cao\\vendor\\laravel\\framework\\src\\Illuminate\\Filesystem\\Filesystem.php(124): Illuminate\\Filesystem\\Filesystem::Illuminate\\Filesystem\\{closure}()
#2 D:\\laragon\\www\\laravel-nang-cao\\vendor\\laravel\\framework\\src\\Illuminate\\View\\Engines\\PhpEngine.php(58): Illuminate\\Filesystem\\Filesystem->getRequire('D:\\\\laragon\\\\www\\\\...', Array)
#3 D:\\laragon\\www\\laravel-nang-cao\\vendor\\laravel\\framework\\src\\Illuminate\\View\\Engines\\CompilerEngine.php(72): Illuminate\\View\\Engines\\PhpEngine->evaluatePath('D:\\\\laragon\\\\www\\\\...', Array)
#4 D:\\laragon\\www\\laravel-nang-cao\\vendor\\laravel\\framework\\src\\Illuminate\\View\\View.php(207): Illuminate\\View\\Engines\\CompilerEngine->get('D:\\\\laragon\\\\www\\\\...', Array)
#5 D:\\laragon\\www\\laravel-nang-cao\\vendor\\laravel\\framework\\src\\Illuminate\\View\\View.php(190): Illuminate\\View\\View->getContents()
#6 D:\\laragon\\www\\laravel-nang-cao\\vendor\\laravel\\framework\\src\\Illuminate\\View\\View.php(159): Illuminate\\View\\View->renderContents()
#7 D:\\laragon\\www\\laravel-nang-cao\\vendor\\laravel\\framework\\src\\Illuminate\\Mail\\Mailer.php(433): Illuminate\\View\\View->render()
#8 D:\\laragon\\www\\laravel-nang-cao\\vendor\\laravel\\framework\\src\\Illuminate\\Mail\\Mailer.php(408): Illuminate\\Mail\\Mailer->renderView('mail', Array)
#9 D:\\laragon\\www\\laravel-nang-cao\\vendor\\laravel\\framework\\src\\Illuminate\\Mail\\Mailer.php(320): Illuminate\\Mail\\Mailer->addContent(Object(Illuminate\\Mail\\Message), 'mail', NULL, NULL, Array)
#10 D:\\laragon\\www\\laravel-nang-cao\\vendor\\laravel\\framework\\src\\Illuminate\\Mail\\MailManager.php(592): Illuminate\\Mail\\Mailer->send('mail', Array, Object(Closure))
#11 D:\\laragon\\www\\laravel-nang-cao\\vendor\\laravel\\framework\\src\\Illuminate\\Support\\Facades\\Facade.php(355): Illuminate\\Mail\\MailManager->__call('send', Array)
#12 D:\\laragon\\www\\laravel-nang-cao\\app\\Listeners\\SendOrderNotification.php(34): Illuminate\\Support\\Facades\\Facade::__callStatic('send', Array)
#13 D:\\laragon\\www\\laravel-nang-cao\\vendor\\laravel\\framework\\src\\Illuminate\\Events\\Dispatcher.php(478): App\\Listeners\\SendOrderNotification->handle(Object(App\\Events\\OrderCreated))
#14 D:\\laragon\\www\\laravel-nang-cao\\vendor\\laravel\\framework\\src\\Illuminate\\Events\\Dispatcher.php(286): Illuminate\\Events\\Dispatcher->Illuminate\\Events\\{closure}('App\\\\Events\\\\Orde...', Array)
#15 D:\\laragon\\www\\laravel-nang-cao\\vendor\\laravel\\framework\\src\\Illuminate\\Events\\Dispatcher.php(266): Illuminate\\Events\\Dispatcher->invokeListeners('App\\\\Events\\\\Orde...', Array, false)
#16 D:\\laragon\\www\\laravel-nang-cao\\vendor\\laravel\\framework\\src\\Illuminate\\Foundation\\helpers.php(433): Illuminate\\Events\\Dispatcher->dispatch('App\\\\Events\\\\Orde...')
#17 D:\\laragon\\www\\laravel-nang-cao\\app\\Http\\Controllers\\OrderController.php(43): event(Object(App\\Events\\OrderCreated))
#18 D:\\laragon\\www\\laravel-nang-cao\\vendor\\laravel\\framework\\src\\Illuminate\\Routing\\Controller.php(54): App\\Http\\Controllers\\OrderController->store(Object(App\\Http\\Requests\\StoreOrderRequest))
#19 D:\\laragon\\www\\laravel-nang-cao\\vendor\\laravel\\framework\\src\\Illuminate\\Routing\\ControllerDispatcher.php(43): Illuminate\\Routing\\Controller->callAction('store', Array)
#20 D:\\laragon\\www\\laravel-nang-cao\\vendor\\laravel\\framework\\src\\Illuminate\\Routing\\Route.php(260): Illuminate\\Routing\\ControllerDispatcher->dispatch(Object(Illuminate\\Routing\\Route), Object(App\\Http\\Controllers\\OrderController), 'store')
#21 D:\\laragon\\www\\laravel-nang-cao\\vendor\\laravel\\framework\\src\\Illuminate\\Routing\\Route.php(205): Illuminate\\Routing\\Route->runController()
#22 D:\\laragon\\www\\laravel-nang-cao\\vendor\\laravel\\framework\\src\\Illuminate\\Routing\\Router.php(806): Illuminate\\Routing\\Route->run()
#23 D:\\laragon\\www\\laravel-nang-cao\\vendor\\laravel\\framework\\src\\Illuminate\\Pipeline\\Pipeline.php(144): Illuminate\\Routing\\Router->Illuminate\\Routing\\{closure}(Object(Illuminate\\Http\\Request))
#24 D:\\laragon\\www\\laravel-nang-cao\\vendor\\laravel\\framework\\src\\Illuminate\\Routing\\Middleware\\SubstituteBindings.php(50): Illuminate\\Pipeline\\Pipeline->Illuminate\\Pipeline\\{closure}(Object(Illuminate\\Http\\Request))
#25 D:\\laragon\\www\\laravel-nang-cao\\vendor\\laravel\\framework\\src\\Illuminate\\Pipeline\\Pipeline.php(183): Illuminate\\Routing\\Middleware\\SubstituteBindings->handle(Object(Illuminate\\Http\\Request), Object(Closure))
#26 D:\\laragon\\www\\laravel-nang-cao\\vendor\\laravel\\framework\\src\\Illuminate\\Foundation\\Http\\Middleware\\VerifyCsrfToken.php(78): Illuminate\\Pipeline\\Pipeline->Illuminate\\Pipeline\\{closure}(Object(Illuminate\\Http\\Request))
#27 D:\\laragon\\www\\laravel-nang-cao\\vendor\\laravel\\framework\\src\\Illuminate\\Pipeline\\Pipeline.php(183): Illuminate\\Foundation\\Http\\Middleware\\VerifyCsrfToken->handle(Object(Illuminate\\Http\\Request), Object(Closure))
#28 D:\\laragon\\www\\laravel-nang-cao\\vendor\\laravel\\framework\\src\\Illuminate\\View\\Middleware\\ShareErrorsFromSession.php(49): Illuminate\\Pipeline\\Pipeline->Illuminate\\Pipeline\\{closure}(Object(Illuminate\\Http\\Request))
#29 D:\\laragon\\www\\laravel-nang-cao\\vendor\\laravel\\framework\\src\\Illuminate\\Pipeline\\Pipeline.php(183): Illuminate\\View\\Middleware\\ShareErrorsFromSession->handle(Object(Illuminate\\Http\\Request), Object(Closure))
#30 D:\\laragon\\www\\laravel-nang-cao\\vendor\\laravel\\framework\\src\\Illuminate\\Session\\Middleware\\StartSession.php(121): Illuminate\\Pipeline\\Pipeline->Illuminate\\Pipeline\\{closure}(Object(Illuminate\\Http\\Request))
#31 D:\\laragon\\www\\laravel-nang-cao\\vendor\\laravel\\framework\\src\\Illuminate\\Session\\Middleware\\StartSession.php(64): Illuminate\\Session\\Middleware\\StartSession->handleStatefulRequest(Object(Illuminate\\Http\\Request), Object(Illuminate\\Session\\Store), Object(Closure))
#32 D:\\laragon\\www\\laravel-nang-cao\\vendor\\laravel\\framework\\src\\Illuminate\\Pipeline\\Pipeline.php(183): Illuminate\\Session\\Middleware\\StartSession->handle(Object(Illuminate\\Http\\Request), Object(Closure))
#33 D:\\laragon\\www\\laravel-nang-cao\\vendor\\laravel\\framework\\src\\Illuminate\\Cookie\\Middleware\\AddQueuedCookiesToResponse.php(37): Illuminate\\Pipeline\\Pipeline->Illuminate\\Pipeline\\{closure}(Object(Illuminate\\Http\\Request))
#34 D:\\laragon\\www\\laravel-nang-cao\\vendor\\laravel\\framework\\src\\Illuminate\\Pipeline\\Pipeline.php(183): Illuminate\\Cookie\\Middleware\\AddQueuedCookiesToResponse->handle(Object(Illuminate\\Http\\Request), Object(Closure))
#35 D:\\laragon\\www\\laravel-nang-cao\\vendor\\laravel\\framework\\src\\Illuminate\\Cookie\\Middleware\\EncryptCookies.php(67): Illuminate\\Pipeline\\Pipeline->Illuminate\\Pipeline\\{closure}(Object(Illuminate\\Http\\Request))
#36 D:\\laragon\\www\\laravel-nang-cao\\vendor\\laravel\\framework\\src\\Illuminate\\Pipeline\\Pipeline.php(183): Illuminate\\Cookie\\Middleware\\EncryptCookies->handle(Object(Illuminate\\Http\\Request), Object(Closure))
#37 D:\\laragon\\www\\laravel-nang-cao\\vendor\\laravel\\framework\\src\\Illuminate\\Pipeline\\Pipeline.php(119): Illuminate\\Pipeline\\Pipeline->Illuminate\\Pipeline\\{closure}(Object(Illuminate\\Http\\Request))
#38 D:\\laragon\\www\\laravel-nang-cao\\vendor\\laravel\\framework\\src\\Illuminate\\Routing\\Router.php(807): Illuminate\\Pipeline\\Pipeline->then(Object(Closure))
#39 D:\\laragon\\www\\laravel-nang-cao\\vendor\\laravel\\framework\\src\\Illuminate\\Routing\\Router.php(784): Illuminate\\Routing\\Router->runRouteWithinStack(Object(Illuminate\\Routing\\Route), Object(Illuminate\\Http\\Request))
#40 D:\\laragon\\www\\laravel-nang-cao\\vendor\\laravel\\framework\\src\\Illuminate\\Routing\\Router.php(748): Illuminate\\Routing\\Router->runRoute(Object(Illuminate\\Http\\Request), Object(Illuminate\\Routing\\Route))
#41 D:\\laragon\\www\\laravel-nang-cao\\vendor\\laravel\\framework\\src\\Illuminate\\Routing\\Router.php(737): Illuminate\\Routing\\Router->dispatchToRoute(Object(Illuminate\\Http\\Request))
#42 D:\\laragon\\www\\laravel-nang-cao\\vendor\\laravel\\framework\\src\\Illuminate\\Foundation\\Http\\Kernel.php(200): Illuminate\\Routing\\Router->dispatch(Object(Illuminate\\Http\\Request))
#43 D:\\laragon\\www\\laravel-nang-cao\\vendor\\laravel\\framework\\src\\Illuminate\\Pipeline\\Pipeline.php(144): Illuminate\\Foundation\\Http\\Kernel->Illuminate\\Foundation\\Http\\{closure}(Object(Illuminate\\Http\\Request))
#44 D:\\laragon\\www\\laravel-nang-cao\\vendor\\laravel\\framework\\src\\Illuminate\\Foundation\\Http\\Middleware\\TransformsRequest.php(21): Illuminate\\Pipeline\\Pipeline->Illuminate\\Pipeline\\{closure}(Object(Illuminate\\Http\\Request))
#45 D:\\laragon\\www\\laravel-nang-cao\\vendor\\laravel\\framework\\src\\Illuminate\\Foundation\\Http\\Middleware\\ConvertEmptyStringsToNull.php(31): Illuminate\\Foundation\\Http\\Middleware\\TransformsRequest->handle(Object(Illuminate\\Http\\Request), Object(Closure))
#46 D:\\laragon\\www\\laravel-nang-cao\\vendor\\laravel\\framework\\src\\Illuminate\\Pipeline\\Pipeline.php(183): Illuminate\\Foundation\\Http\\Middleware\\ConvertEmptyStringsToNull->handle(Object(Illuminate\\Http\\Request), Object(Closure))
#47 D:\\laragon\\www\\laravel-nang-cao\\vendor\\laravel\\framework\\src\\Illuminate\\Foundation\\Http\\Middleware\\TransformsRequest.php(21): Illuminate\\Pipeline\\Pipeline->Illuminate\\Pipeline\\{closure}(Object(Illuminate\\Http\\Request))
#48 D:\\laragon\\www\\laravel-nang-cao\\vendor\\laravel\\framework\\src\\Illuminate\\Foundation\\Http\\Middleware\\TrimStrings.php(40): Illuminate\\Foundation\\Http\\Middleware\\TransformsRequest->handle(Object(Illuminate\\Http\\Request), Object(Closure))
#49 D:\\laragon\\www\\laravel-nang-cao\\vendor\\laravel\\framework\\src\\Illuminate\\Pipeline\\Pipeline.php(183): Illuminate\\Foundation\\Http\\Middleware\\TrimStrings->handle(Object(Illuminate\\Http\\Request), Object(Closure))
#50 D:\\laragon\\www\\laravel-nang-cao\\vendor\\laravel\\framework\\src\\Illuminate\\Foundation\\Http\\Middleware\\ValidatePostSize.php(27): Illuminate\\Pipeline\\Pipeline->Illuminate\\Pipeline\\{closure}(Object(Illuminate\\Http\\Request))
#51 D:\\laragon\\www\\laravel-nang-cao\\vendor\\laravel\\framework\\src\\Illuminate\\Pipeline\\Pipeline.php(183): Illuminate\\Foundation\\Http\\Middleware\\ValidatePostSize->handle(Object(Illuminate\\Http\\Request), Object(Closure))
#52 D:\\laragon\\www\\laravel-nang-cao\\vendor\\laravel\\framework\\src\\Illuminate\\Foundation\\Http\\Middleware\\PreventRequestsDuringMaintenance.php(99): Illuminate\\Pipeline\\Pipeline->Illuminate\\Pipeline\\{closure}(Object(Illuminate\\Http\\Request))
#53 D:\\laragon\\www\\laravel-nang-cao\\vendor\\laravel\\framework\\src\\Illuminate\\Pipeline\\Pipeline.php(183): Illuminate\\Foundation\\Http\\Middleware\\PreventRequestsDuringMaintenance->handle(Object(Illuminate\\Http\\Request), Object(Closure))
#54 D:\\laragon\\www\\laravel-nang-cao\\vendor\\laravel\\framework\\src\\Illuminate\\Http\\Middleware\\HandleCors.php(49): Illuminate\\Pipeline\\Pipeline->Illuminate\\Pipeline\\{closure}(Object(Illuminate\\Http\\Request))
#55 D:\\laragon\\www\\laravel-nang-cao\\vendor\\laravel\\framework\\src\\Illuminate\\Pipeline\\Pipeline.php(183): Illuminate\\Http\\Middleware\\HandleCors->handle(Object(Illuminate\\Http\\Request), Object(Closure))
#56 D:\\laragon\\www\\laravel-nang-cao\\vendor\\laravel\\framework\\src\\Illuminate\\Http\\Middleware\\TrustProxies.php(39): Illuminate\\Pipeline\\Pipeline->Illuminate\\Pipeline\\{closure}(Object(Illuminate\\Http\\Request))
#57 D:\\laragon\\www\\laravel-nang-cao\\vendor\\laravel\\framework\\src\\Illuminate\\Pipeline\\Pipeline.php(183): Illuminate\\Http\\Middleware\\TrustProxies->handle(Object(Illuminate\\Http\\Request), Object(Closure))
#58 D:\\laragon\\www\\laravel-nang-cao\\vendor\\laravel\\framework\\src\\Illuminate\\Pipeline\\Pipeline.php(119): Illuminate\\Pipeline\\Pipeline->Illuminate\\Pipeline\\{closure}(Object(Illuminate\\Http\\Request))
#59 D:\\laragon\\www\\laravel-nang-cao\\vendor\\laravel\\framework\\src\\Illuminate\\Foundation\\Http\\Kernel.php(175): Illuminate\\Pipeline\\Pipeline->then(Object(Closure))
#60 D:\\laragon\\www\\laravel-nang-cao\\vendor\\laravel\\framework\\src\\Illuminate\\Foundation\\Http\\Kernel.php(144): Illuminate\\Foundation\\Http\\Kernel->sendRequestThroughRouter(Object(Illuminate\\Http\\Request))
#61 D:\\laragon\\www\\laravel-nang-cao\\public\\index.php(52): Illuminate\\Foundation\\Http\\Kernel->handle(Object(Illuminate\\Http\\Request))
#62 {main}

[previous exception] [object] (ErrorException(code: 0): Undefined variable $name at D:\\laragon\\www\\laravel-nang-cao\\storage\\framework\\views\\41e2ad0ebfe8eb9258087be107076cb3.php:1)
[stacktrace]
#0 D:\\laragon\\www\\laravel-nang-cao\\vendor\\laravel\\framework\\src\\Illuminate\\Foundation\\Bootstrap\\HandleExceptions.php(255): Illuminate\\Foundation\\Bootstrap\\HandleExceptions->handleError(2, 'Undefined varia...', 'D:\\\\laragon\\\\www\\\\...', 1)
#1 D:\\laragon\\www\\laravel-nang-cao\\storage\\framework\\views\\41e2ad0ebfe8eb9258087be107076cb3.php(1): Illuminate\\Foundation\\Bootstrap\\HandleExceptions->Illuminate\\Foundation\\Bootstrap\\{closure}(2, 'Undefined varia...', 'D:\\\\laragon\\\\www\\\\...', 1)
#2 D:\\laragon\\www\\laravel-nang-cao\\vendor\\laravel\\framework\\src\\Illuminate\\Filesystem\\Filesystem.php(123): require('D:\\\\laragon\\\\www\\\\...')
#3 D:\\laragon\\www\\laravel-nang-cao\\vendor\\laravel\\framework\\src\\Illuminate\\Filesystem\\Filesystem.php(124): Illuminate\\Filesystem\\Filesystem::Illuminate\\Filesystem\\{closure}()
#4 D:\\laragon\\www\\laravel-nang-cao\\vendor\\laravel\\framework\\src\\Illuminate\\View\\Engines\\PhpEngine.php(58): Illuminate\\Filesystem\\Filesystem->getRequire('D:\\\\laragon\\\\www\\\\...', Array)
#5 D:\\laragon\\www\\laravel-nang-cao\\vendor\\laravel\\framework\\src\\Illuminate\\View\\Engines\\CompilerEngine.php(72): Illuminate\\View\\Engines\\PhpEngine->evaluatePath('D:\\\\laragon\\\\www\\\\...', Array)
#6 D:\\laragon\\www\\laravel-nang-cao\\vendor\\laravel\\framework\\src\\Illuminate\\View\\View.php(207): Illuminate\\View\\Engines\\CompilerEngine->get('D:\\\\laragon\\\\www\\\\...', Array)
#7 D:\\laragon\\www\\laravel-nang-cao\\vendor\\laravel\\framework\\src\\Illuminate\\View\\View.php(190): Illuminate\\View\\View->getContents()
#8 D:\\laragon\\www\\laravel-nang-cao\\vendor\\laravel\\framework\\src\\Illuminate\\View\\View.php(159): Illuminate\\View\\View->renderContents()
#9 D:\\laragon\\www\\laravel-nang-cao\\vendor\\laravel\\framework\\src\\Illuminate\\Mail\\Mailer.php(433): Illuminate\\View\\View->render()
#10 D:\\laragon\\www\\laravel-nang-cao\\vendor\\laravel\\framework\\src\\Illuminate\\Mail\\Mailer.php(408): Illuminate\\Mail\\Mailer->renderView('mail', Array)
#11 D:\\laragon\\www\\laravel-nang-cao\\vendor\\laravel\\framework\\src\\Illuminate\\Mail\\Mailer.php(320): Illuminate\\Mail\\Mailer->addContent(Object(Illuminate\\Mail\\Message), 'mail', NULL, NULL, Array)
#12 D:\\laragon\\www\\laravel-nang-cao\\vendor\\laravel\\framework\\src\\Illuminate\\Mail\\MailManager.php(592): Illuminate\\Mail\\Mailer->send('mail', Array, Object(Closure))
#13 D:\\laragon\\www\\laravel-nang-cao\\vendor\\laravel\\framework\\src\\Illuminate\\Support\\Facades\\Facade.php(355): Illuminate\\Mail\\MailManager->__call('send', Array)
#14 D:\\laragon\\www\\laravel-nang-cao\\app\\Listeners\\SendOrderNotification.php(34): Illuminate\\Support\\Facades\\Facade::__callStatic('send', Array)
#15 D:\\laragon\\www\\laravel-nang-cao\\vendor\\laravel\\framework\\src\\Illuminate\\Events\\Dispatcher.php(478): App\\Listeners\\SendOrderNotification->handle(Object(App\\Events\\OrderCreated))
#16 D:\\laragon\\www\\laravel-nang-cao\\vendor\\laravel\\framework\\src\\Illuminate\\Events\\Dispatcher.php(286): Illuminate\\Events\\Dispatcher->Illuminate\\Events\\{closure}('App\\\\Events\\\\Orde...', Array)
#17 D:\\laragon\\www\\laravel-nang-cao\\vendor\\laravel\\framework\\src\\Illuminate\\Events\\Dispatcher.php(266): Illuminate\\Events\\Dispatcher->invokeListeners('App\\\\Events\\\\Orde...', Array, false)
#18 D:\\laragon\\www\\laravel-nang-cao\\vendor\\laravel\\framework\\src\\Illuminate\\Foundation\\helpers.php(433): Illuminate\\Events\\Dispatcher->dispatch('App\\\\Events\\\\Orde...')
#19 D:\\laragon\\www\\laravel-nang-cao\\app\\Http\\Controllers\\OrderController.php(43): event(Object(App\\Events\\OrderCreated))
#20 D:\\laragon\\www\\laravel-nang-cao\\vendor\\laravel\\framework\\src\\Illuminate\\Routing\\Controller.php(54): App\\Http\\Controllers\\OrderController->store(Object(App\\Http\\Requests\\StoreOrderRequest))
#21 D:\\laragon\\www\\laravel-nang-cao\\vendor\\laravel\\framework\\src\\Illuminate\\Routing\\ControllerDispatcher.php(43): Illuminate\\Routing\\Controller->callAction('store', Array)
#22 D:\\laragon\\www\\laravel-nang-cao\\vendor\\laravel\\framework\\src\\Illuminate\\Routing\\Route.php(260): Illuminate\\Routing\\ControllerDispatcher->dispatch(Object(Illuminate\\Routing\\Route), Object(App\\Http\\Controllers\\OrderController), 'store')
#23 D:\\laragon\\www\\laravel-nang-cao\\vendor\\laravel\\framework\\src\\Illuminate\\Routing\\Route.php(205): Illuminate\\Routing\\Route->runController()
#24 D:\\laragon\\www\\laravel-nang-cao\\vendor\\laravel\\framework\\src\\Illuminate\\Routing\\Router.php(806): Illuminate\\Routing\\Route->run()
#25 D:\\laragon\\www\\laravel-nang-cao\\vendor\\laravel\\framework\\src\\Illuminate\\Pipeline\\Pipeline.php(144): Illuminate\\Routing\\Router->Illuminate\\Routing\\{closure}(Object(Illuminate\\Http\\Request))
#26 D:\\laragon\\www\\laravel-nang-cao\\vendor\\laravel\\framework\\src\\Illuminate\\Routing\\Middleware\\SubstituteBindings.php(50): Illuminate\\Pipeline\\Pipeline->Illuminate\\Pipeline\\{closure}(Object(Illuminate\\Http\\Request))
#27 D:\\laragon\\www\\laravel-nang-cao\\vendor\\laravel\\framework\\src\\Illuminate\\Pipeline\\Pipeline.php(183): Illuminate\\Routing\\Middleware\\SubstituteBindings->handle(Object(Illuminate\\Http\\Request), Object(Closure))
#28 D:\\laragon\\www\\laravel-nang-cao\\vendor\\laravel\\framework\\src\\Illuminate\\Foundation\\Http\\Middleware\\VerifyCsrfToken.php(78): Illuminate\\Pipeline\\Pipeline->Illuminate\\Pipeline\\{closure}(Object(Illuminate\\Http\\Request))
#29 D:\\laragon\\www\\laravel-nang-cao\\vendor\\laravel\\framework\\src\\Illuminate\\Pipeline\\Pipeline.php(183): Illuminate\\Foundation\\Http\\Middleware\\VerifyCsrfToken->handle(Object(Illuminate\\Http\\Request), Object(Closure))
#30 D:\\laragon\\www\\laravel-nang-cao\\vendor\\laravel\\framework\\src\\Illuminate\\View\\Middleware\\ShareErrorsFromSession.php(49): Illuminate\\Pipeline\\Pipeline->Illuminate\\Pipeline\\{closure}(Object(Illuminate\\Http\\Request))
#31 D:\\laragon\\www\\laravel-nang-cao\\vendor\\laravel\\framework\\src\\Illuminate\\Pipeline\\Pipeline.php(183): Illuminate\\View\\Middleware\\ShareErrorsFromSession->handle(Object(Illuminate\\Http\\Request), Object(Closure))
#32 D:\\laragon\\www\\laravel-nang-cao\\vendor\\laravel\\framework\\src\\Illuminate\\Session\\Middleware\\StartSession.php(121): Illuminate\\Pipeline\\Pipeline->Illuminate\\Pipeline\\{closure}(Object(Illuminate\\Http\\Request))
#33 D:\\laragon\\www\\laravel-nang-cao\\vendor\\laravel\\framework\\src\\Illuminate\\Session\\Middleware\\StartSession.php(64): Illuminate\\Session\\Middleware\\StartSession->handleStatefulRequest(Object(Illuminate\\Http\\Request), Object(Illuminate\\Session\\Store), Object(Closure))
#34 D:\\laragon\\www\\laravel-nang-cao\\vendor\\laravel\\framework\\src\\Illuminate\\Pipeline\\Pipeline.php(183): Illuminate\\Session\\Middleware\\StartSession->handle(Object(Illuminate\\Http\\Request), Object(Closure))
#35 D:\\laragon\\www\\laravel-nang-cao\\vendor\\laravel\\framework\\src\\Illuminate\\Cookie\\Middleware\\AddQueuedCookiesToResponse.php(37): Illuminate\\Pipeline\\Pipeline->Illuminate\\Pipeline\\{closure}(Object(Illuminate\\Http\\Request))
#36 D:\\laragon\\www\\laravel-nang-cao\\vendor\\laravel\\framework\\src\\Illuminate\\Pipeline\\Pipeline.php(183): Illuminate\\Cookie\\Middleware\\AddQueuedCookiesToResponse->handle(Object(Illuminate\\Http\\Request), Object(Closure))
#37 D:\\laragon\\www\\laravel-nang-cao\\vendor\\laravel\\framework\\src\\Illuminate\\Cookie\\Middleware\\EncryptCookies.php(67): Illuminate\\Pipeline\\Pipeline->Illuminate\\Pipeline\\{closure}(Object(Illuminate\\Http\\Request))
#38 D:\\laragon\\www\\laravel-nang-cao\\vendor\\laravel\\framework\\src\\Illuminate\\Pipeline\\Pipeline.php(183): Illuminate\\Cookie\\Middleware\\EncryptCookies->handle(Object(Illuminate\\Http\\Request), Object(Closure))
#39 D:\\laragon\\www\\laravel-nang-cao\\vendor\\laravel\\framework\\src\\Illuminate\\Pipeline\\Pipeline.php(119): Illuminate\\Pipeline\\Pipeline->Illuminate\\Pipeline\\{closure}(Object(Illuminate\\Http\\Request))
#40 D:\\laragon\\www\\laravel-nang-cao\\vendor\\laravel\\framework\\src\\Illuminate\\Routing\\Router.php(807): Illuminate\\Pipeline\\Pipeline->then(Object(Closure))
#41 D:\\laragon\\www\\laravel-nang-cao\\vendor\\laravel\\framework\\src\\Illuminate\\Routing\\Router.php(784): Illuminate\\Routing\\Router->runRouteWithinStack(Object(Illuminate\\Routing\\Route), Object(Illuminate\\Http\\Request))
#42 D:\\laragon\\www\\laravel-nang-cao\\vendor\\laravel\\framework\\src\\Illuminate\\Routing\\Router.php(748): Illuminate\\Routing\\Router->runRoute(Object(Illuminate\\Http\\Request), Object(Illuminate\\Routing\\Route))
#43 D:\\laragon\\www\\laravel-nang-cao\\vendor\\laravel\\framework\\src\\Illuminate\\Routing\\Router.php(737): Illuminate\\Routing\\Router->dispatchToRoute(Object(Illuminate\\Http\\Request))
#44 D:\\laragon\\www\\laravel-nang-cao\\vendor\\laravel\\framework\\src\\Illuminate\\Foundation\\Http\\Kernel.php(200): Illuminate\\Routing\\Router->dispatch(Object(Illuminate\\Http\\Request))
#45 D:\\laragon\\www\\laravel-nang-cao\\vendor\\laravel\\framework\\src\\Illuminate\\Pipeline\\Pipeline.php(144): Illuminate\\Foundation\\Http\\Kernel->Illuminate\\Foundation\\Http\\{closure}(Object(Illuminate\\Http\\Request))
#46 D:\\laragon\\www\\laravel-nang-cao\\vendor\\laravel\\framework\\src\\Illuminate\\Foundation\\Http\\Middleware\\TransformsRequest.php(21): Illuminate\\Pipeline\\Pipeline->Illuminate\\Pipeline\\{closure}(Object(Illuminate\\Http\\Request))
#47 D:\\laragon\\www\\laravel-nang-cao\\vendor\\laravel\\framework\\src\\Illuminate\\Foundation\\Http\\Middleware\\ConvertEmptyStringsToNull.php(31): Illuminate\\Foundation\\Http\\Middleware\\TransformsRequest->handle(Object(Illuminate\\Http\\Request), Object(Closure))
#48 D:\\laragon\\www\\laravel-nang-cao\\vendor\\laravel\\framework\\src\\Illuminate\\Pipeline\\Pipeline.php(183): Illuminate\\Foundation\\Http\\Middleware\\ConvertEmptyStringsToNull->handle(Object(Illuminate\\Http\\Request), Object(Closure))
#49 D:\\laragon\\www\\laravel-nang-cao\\vendor\\laravel\\framework\\src\\Illuminate\\Foundation\\Http\\Middleware\\TransformsRequest.php(21): Illuminate\\Pipeline\\Pipeline->Illuminate\\Pipeline\\{closure}(Object(Illuminate\\Http\\Request))
#50 D:\\laragon\\www\\laravel-nang-cao\\vendor\\laravel\\framework\\src\\Illuminate\\Foundation\\Http\\Middleware\\TrimStrings.php(40): Illuminate\\Foundation\\Http\\Middleware\\TransformsRequest->handle(Object(Illuminate\\Http\\Request), Object(Closure))
#51 D:\\laragon\\www\\laravel-nang-cao\\vendor\\laravel\\framework\\src\\Illuminate\\Pipeline\\Pipeline.php(183): Illuminate\\Foundation\\Http\\Middleware\\TrimStrings->handle(Object(Illuminate\\Http\\Request), Object(Closure))
#52 D:\\laragon\\www\\laravel-nang-cao\\vendor\\laravel\\framework\\src\\Illuminate\\Foundation\\Http\\Middleware\\ValidatePostSize.php(27): Illuminate\\Pipeline\\Pipeline->Illuminate\\Pipeline\\{closure}(Object(Illuminate\\Http\\Request))
#53 D:\\laragon\\www\\laravel-nang-cao\\vendor\\laravel\\framework\\src\\Illuminate\\Pipeline\\Pipeline.php(183): Illuminate\\Foundation\\Http\\Middleware\\ValidatePostSize->handle(Object(Illuminate\\Http\\Request), Object(Closure))
#54 D:\\laragon\\www\\laravel-nang-cao\\vendor\\laravel\\framework\\src\\Illuminate\\Foundation\\Http\\Middleware\\PreventRequestsDuringMaintenance.php(99): Illuminate\\Pipeline\\Pipeline->Illuminate\\Pipeline\\{closure}(Object(Illuminate\\Http\\Request))
#55 D:\\laragon\\www\\laravel-nang-cao\\vendor\\laravel\\framework\\src\\Illuminate\\Pipeline\\Pipeline.php(183): Illuminate\\Foundation\\Http\\Middleware\\PreventRequestsDuringMaintenance->handle(Object(Illuminate\\Http\\Request), Object(Closure))
#56 D:\\laragon\\www\\laravel-nang-cao\\vendor\\laravel\\framework\\src\\Illuminate\\Http\\Middleware\\HandleCors.php(49): Illuminate\\Pipeline\\Pipeline->Illuminate\\Pipeline\\{closure}(Object(Illuminate\\Http\\Request))
#57 D:\\laragon\\www\\laravel-nang-cao\\vendor\\laravel\\framework\\src\\Illuminate\\Pipeline\\Pipeline.php(183): Illuminate\\Http\\Middleware\\HandleCors->handle(Object(Illuminate\\Http\\Request), Object(Closure))
#58 D:\\laragon\\www\\laravel-nang-cao\\vendor\\laravel\\framework\\src\\Illuminate\\Http\\Middleware\\TrustProxies.php(39): Illuminate\\Pipeline\\Pipeline->Illuminate\\Pipeline\\{closure}(Object(Illuminate\\Http\\Request))
#59 D:\\laragon\\www\\laravel-nang-cao\\vendor\\laravel\\framework\\src\\Illuminate\\Pipeline\\Pipeline.php(183): Illuminate\\Http\\Middleware\\TrustProxies->handle(Object(Illuminate\\Http\\Request), Object(Closure))
#60 D:\\laragon\\www\\laravel-nang-cao\\vendor\\laravel\\framework\\src\\Illuminate\\Pipeline\\Pipeline.php(119): Illuminate\\Pipeline\\Pipeline->Illuminate\\Pipeline\\{closure}(Object(Illuminate\\Http\\Request))
#61 D:\\laragon\\www\\laravel-nang-cao\\vendor\\laravel\\framework\\src\\Illuminate\\Foundation\\Http\\Kernel.php(175): Illuminate\\Pipeline\\Pipeline->then(Object(Closure))
#62 D:\\laragon\\www\\laravel-nang-cao\\vendor\\laravel\\framework\\src\\Illuminate\\Foundation\\Http\\Kernel.php(144): Illuminate\\Foundation\\Http\\Kernel->sendRequestThroughRouter(Object(Illuminate\\Http\\Request))
#63 D:\\laragon\\www\\laravel-nang-cao\\public\\index.php(52): Illuminate\\Foundation\\Http\\Kernel->handle(Object(Illuminate\\Http\\Request))
#64 {main}
"} 
[2024-07-22 16:44:50] local.INFO: Đơn hàng đã được tạo:  {"order":{"App\\Models\\Order":{"product_name":"nước","quantity":"4","price":"4000","updated_at":"2024-07-22T16:44:50.000000Z","created_at":"2024-07-22T16:44:50.000000Z","id":11}}} 
[2024-07-22 16:44:54] local.DEBUG: Basic Email Sent. Check your inbox.  
[2024-07-22 16:46:41] local.INFO: Đơn hàng đã được tạo:  {"order":{"App\\Models\\Order":{"product_name":"kem đánh răng","quantity":"2","price":"2000","updated_at":"2024-07-22T16:46:41.000000Z","created_at":"2024-07-22T16:46:41.000000Z","id":12}}} 
[2024-07-22 16:46:44] local.DEBUG: Basic Email Sent. Check your inbox.  
[2024-07-22 17:40:39] local.DEBUG: Basic Email Sent. Check your inbox.  
